# JRE version: Java(TM) SE Runtime Environment (8.0_121-b13) (build 1.8.0_121-b13)
# Java VM: Java HotSpot(TM) 64-Bit Server VM (25.121-b13 mixed mode windows-amd64 compressed oops)
Heap:
 PSYoungGen      total 392704K, used 363921K [0x00000000e0000000, 0x0000000100000000, 0x0000000100000000)
  eden space 331776K, 99% used [0x00000000e0000000,0x00000000f41abd48,0x00000000f4400000)
  from space 60928K, 56% used [0x00000000f4400000,0x00000000f65b8ab0,0x00000000f7f80000)
  to   space 60416K, 0% used [0x00000000fc500000,0x00000000fc500000,0x0000000100000000)
 ParOldGen       total 315392K, used 105235K [0x00000000a0000000, 0x00000000b3400000, 0x00000000e0000000)
  object space 315392K, 33% used [0x00000000a0000000,0x00000000a66c4ce8,0x00000000b3400000)
 Metaspace       used 106325K, capacity 111720K, committed 113868K, reserved 1146880K
  class space    used 13935K, capacity 15013K, committed 15616K, reserved 1048576K
GC Heap History (10 events):
Event: 150.190 GC heap before
{Heap before GC invocations=19 (full 4):
 PSYoungGen      total 315392K, used 281600K [0x00000000e0000000, 0x00000000f5d00000, 0x0000000100000000)
  eden space 281600K, 100% used [0x00000000e0000000,0x00000000f1300000,0x00000000f1300000)
  from space 33792K, 0% used [0x00000000f3c00000,0x00000000f3c00000,0x00000000f5d00000)
  to   space 37888K, 0% used [0x00000000f1300000,0x00000000f1300000,0x00000000f3800000)
 ParOldGen       total 315392K, used 61537K [0x00000000a0000000, 0x00000000b3400000, 0x00000000e0000000)
  object space 315392K, 19% used [0x00000000a0000000,0x00000000a3c18500,0x00000000b3400000)
 Metaspace       used 95376K, capacity 100590K, committed 103116K, reserved 1138688K
  class space    used 12878K, capacity 13888K, committed 14592K, reserved 1048576K
Event: 150.206 GC heap after
Heap after GC invocations=19 (full 4):
 PSYoungGen      total 319488K, used 25460K [0x00000000e0000000, 0x00000000f8180000, 0x0000000100000000)
  eden space 281600K, 0% used [0x00000000e0000000,0x00000000e0000000,0x00000000f1300000)
  from space 37888K, 67% used [0x00000000f1300000,0x00000000f2bdd048,0x00000000f3800000)
  to   space 38912K, 0% used [0x00000000f5b80000,0x00000000f5b80000,0x00000000f8180000)
 ParOldGen       total 315392K, used 61545K [0x00000000a0000000, 0x00000000b3400000, 0x00000000e0000000)
  object space 315392K, 19% used [0x00000000a0000000,0x00000000a3c1a500,0x00000000b3400000)
 Metaspace       used 95376K, capacity 100590K, committed 103116K, reserved 1138688K
  class space    used 12878K, capacity 13888K, committed 14592K, reserved 1048576K
}
Event: 156.161 GC heap before
{Heap before GC invocations=20 (full 4):
 PSYoungGen      total 319488K, used 307060K [0x00000000e0000000, 0x00000000f8180000, 0x0000000100000000)
  eden space 281600K, 100% used [0x00000000e0000000,0x00000000f1300000,0x00000000f1300000)
  from space 37888K, 67% used [0x00000000f1300000,0x00000000f2bdd048,0x00000000f3800000)
  to   space 38912K, 0% used [0x00000000f5b80000,0x00000000f5b80000,0x00000000f8180000)
 ParOldGen       total 315392K, used 61545K [0x00000000a0000000, 0x00000000b3400000, 0x00000000e0000000)
  object space 315392K, 19% used [0x00000000a0000000,0x00000000a3c1a500,0x00000000b3400000)
 Metaspace       used 102185K, capacity 107454K, committed 109644K, reserved 1144832K
  class space    used 13644K, capacity 14664K, committed 15232K, reserved 1048576K
Event: 156.178 GC heap after
Heap after GC invocations=20 (full 4):
 PSYoungGen      total 351744K, used 28973K [0x00000000e0000000, 0x00000000f8100000, 0x0000000100000000)
  eden space 313344K, 0% used [0x00000000e0000000,0x00000000e0000000,0x00000000f3200000)
  from space 38400K, 75% used [0x00000000f5b80000,0x00000000f77cb648,0x00000000f8100000)
  to   space 40448K, 0% used [0x00000000f3200000,0x00000000f3200000,0x00000000f5980000)
 ParOldGen       total 315392K, used 61553K [0x00000000a0000000, 0x00000000b3400000, 0x00000000e0000000)
  object space 315392K, 19% used [0x00000000a0000000,0x00000000a3c1c500,0x00000000b3400000)
 Metaspace       used 102185K, capacity 107454K, committed 109644K, reserved 1144832K
  class space    used 13644K, capacity 14664K, committed 15232K, reserved 1048576K
}
Event: 160.572 GC heap before
{Heap before GC invocations=21 (full 4):
 PSYoungGen      total 351744K, used 342317K [0x00000000e0000000, 0x00000000f8100000, 0x0000000100000000)
  eden space 313344K, 100% used [0x00000000e0000000,0x00000000f3200000,0x00000000f3200000)
  from space 38400K, 75% used [0x00000000f5b80000,0x00000000f77cb648,0x00000000f8100000)
  to   space 40448K, 0% used [0x00000000f3200000,0x00000000f3200000,0x00000000f5980000)
 ParOldGen       total 315392K, used 61561K [0x00000000a0000000, 0x00000000b3400000, 0x00000000e0000000)
  object space 315392K, 19% used [0x00000000a0000000,0x00000000a3c1e510,0x00000000b3400000)
 Metaspace       used 105738K, capacity 110996K, committed 113228K, reserved 1146880K
  class space    used 13896K, capacity 14945K, committed 15488K, reserved 1048576K
Event: 160.611 GC heap after
Heap after GC invocations=21 (full 4):
 PSYoungGen      total 353792K, used 40436K [0x00000000e0000000, 0x00000000fb280000, 0x0000000100000000)
  eden space 313344K, 0% used [0x00000000e0000000,0x00000000e0000000,0x00000000f3200000)
  from space 40448K, 99% used [0x00000000f3200000,0x00000000f597d0f8,0x00000000f5980000)
  to   space 52224K, 0% used [0x00000000f7f80000,0x00000000f7f80000,0x00000000fb280000)
 ParOldGen       total 315392K, used 78140K [0x00000000a0000000, 0x00000000b3400000, 0x00000000e0000000)
  object space 315392K, 24% used [0x00000000a0000000,0x00000000a4c4f3d8,0x00000000b3400000)
 Metaspace       used 105738K, capacity 110996K, committed 113228K, reserved 1146880K
  class space    used 13896K, capacity 14945K, committed 15488K, reserved 1048576K
}
Event: 161.059 GC heap before
{Heap before GC invocations=22 (full 4):
 PSYoungGen      total 353792K, used 353780K [0x00000000e0000000, 0x00000000fb280000, 0x0000000100000000)
  eden space 313344K, 100% used [0x00000000e0000000,0x00000000f3200000,0x00000000f3200000)
  from space 40448K, 99% used [0x00000000f3200000,0x00000000f597d0f8,0x00000000f5980000)
  to   space 52224K, 0% used [0x00000000f7f80000,0x00000000f7f80000,0x00000000fb280000)
 ParOldGen       total 315392K, used 78144K [0x00000000a0000000, 0x00000000b3400000, 0x00000000e0000000)
  object space 315392K, 24% used [0x00000000a0000000,0x00000000a4c50398,0x00000000b3400000)
 Metaspace       used 106036K, capacity 111290K, committed 113228K, reserved 1146880K
  class space    used 13914K, capacity 14970K, committed 15488K, reserved 1048576K
Event: 161.097 GC heap after
Heap after GC invocations=22 (full 4):
 PSYoungGen      total 384000K, used 52208K [0x00000000e0000000, 0x00000000fe880000, 0x0000000100000000)
  eden space 331776K, 0% used [0x00000000e0000000,0x00000000e0000000,0x00000000f4400000)
  from space 52224K, 99% used [0x00000000f7f80000,0x00000000fb27c350,0x00000000fb280000)
  to   space 60928K, 0% used [0x00000000f4400000,0x00000000f4400000,0x00000000f7f80000)
 ParOldGen       total 315392K, used 81101K [0x00000000a0000000, 0x00000000b3400000, 0x00000000e0000000)
  object space 315392K, 25% used [0x00000000a0000000,0x00000000a4f335e0,0x00000000b3400000)
 Metaspace       used 106036K, capacity 111290K, committed 113228K, reserved 1146880K
  class space    used 13914K, capacity 14970K, committed 15488K, reserved 1048576K
}
Event: 161.453 GC heap before
{Heap before GC invocations=23 (full 4):
 PSYoungGen      total 384000K, used 383984K [0x00000000e0000000, 0x00000000fe880000, 0x0000000100000000)
  eden space 331776K, 100% used [0x00000000e0000000,0x00000000f4400000,0x00000000f4400000)
  from space 52224K, 99% used [0x00000000f7f80000,0x00000000fb27c350,0x00000000fb280000)
  to   space 60928K, 0% used [0x00000000f4400000,0x00000000f4400000,0x00000000f7f80000)
 ParOldGen       total 315392K, used 81101K [0x00000000a0000000, 0x00000000b3400000, 0x00000000e0000000)
  object space 315392K, 25% used [0x00000000a0000000,0x00000000a4f335e0,0x00000000b3400000)
 Metaspace       used 106252K, capacity 111538K, committed 113484K, reserved 1146880K
  class space    used 13931K, capacity 14978K, committed 15488K, reserved 1048576K
Event: 161.487 GC heap after
Heap after GC invocations=23 (full 4):
 PSYoungGen      total 392704K, used 34530K [0x00000000e0000000, 0x0000000100000000, 0x0000000100000000)
  eden space 331776K, 0% used [0x00000000e0000000,0x00000000e0000000,0x00000000f4400000)
  from space 60928K, 56% used [0x00000000f4400000,0x00000000f65b8ab0,0x00000000f7f80000)
  to   space 60416K, 0% used [0x00000000fc500000,0x00000000fc500000,0x0000000100000000)
 ParOldGen       total 315392K, used 105235K [0x00000000a0000000, 0x00000000b3400000, 0x00000000e0000000)
  object space 315392K, 33% used [0x00000000a0000000,0x00000000a66c4ce8,0x00000000b3400000)
 Metaspace       used 106252K, capacity 111538K, committed 113484K, reserved 1146880K
  class space    used 13931K, capacity 14978K, committed 15488K, reserved 1048576K
}

